<?xml version="1.0" encoding="UTF-8"?>
<!-- Generated by org.testng.reporters.JUnitReportReporter -->
<testsuite skipped="0" hostname="admin-PC" name="testScript.TestTwitter" tests="1" failures="0" timestamp="27 Aug 2018 12:07:29 GMT" time="14.670" errors="1">
  <testcase name="TwitterTest" time="14.670" classname="testScript.TestTwitter">
    <error type="java.lang.StackOverflowError">
      <![CDATA[java.lang.StackOverflowError
at pom.TwitterGooglePO.twitterSrchResLink(TwitterGooglePO.java:24)
at pom.TwitterGooglePO.twitterSrchResLink(TwitterGooglePO.java:24)
at pom.TwitterGooglePO.twitterSrchResLink(TwitterGooglePO.java:24)
at pom.TwitterGooglePO.twitterSrchResLink(TwitterGooglePO.java:24)
at pom.TwitterGooglePO.twitterSrchResLink(TwitterGooglePO.java:24)
at pom.TwitterGooglePO.twitterSrchResLink(TwitterGooglePO.java:24)
at pom.TwitterGooglePO.twitterSrchResLink(TwitterGooglePO.java:24)
at pom.TwitterGooglePO.twitterSrchResLink(TwitterGooglePO.java:24)
at pom.TwitterGooglePO.twitterSrchResLink(TwitterGooglePO.java:24)
at pom.TwitterGooglePO.twitterSrchResLink(TwitterGooglePO.java:24)
at pom.TwitterGooglePO.twitterSrchResLink(TwitterGooglePO.java:24)
at pom.TwitterGooglePO.twitterSrchResLink(TwitterGooglePO.java:24)
at pom.TwitterGooglePO.twitterSrchResLink(TwitterGooglePO.java:24)
at pom.TwitterGooglePO.twitterSrchResLink(TwitterGooglePO.java:24)
at pom.TwitterGooglePO.twitterSrchResLink(TwitterGooglePO.java:24)
at pom.TwitterGooglePO.twitterSrchResLink(TwitterGooglePO.java:24)
at pom.TwitterGooglePO.twitterSrchResLink(TwitterGooglePO.java:24)
at pom.TwitterGooglePO.twitterSrchResLink(TwitterGooglePO.java:24)
at pom.TwitterGooglePO.twitterSrchResLink(TwitterGooglePO.java:24)
at pom.TwitterGooglePO.twitterSrchResLink(TwitterGooglePO.java:24)
at pom.TwitterGooglePO.twitterSrchResLink(TwitterGooglePO.java:24)
at pom.TwitterGooglePO.twitterSrchResLink(TwitterGooglePO.java:24)
at pom.TwitterGooglePO.twitterSrchResLink(TwitterGooglePO.java:24)
at pom.TwitterGooglePO.twitterSrchResLink(TwitterGooglePO.java:24)
at pom.TwitterGooglePO.twitterSrchResLink(TwitterGooglePO.java:24)
at pom.TwitterGooglePO.twitterSrchResLink(TwitterGooglePO.java:24)
at pom.TwitterGooglePO.twitterSrchResLink(TwitterGooglePO.java:24)
at pom.TwitterGooglePO.twitterSrchResLink(TwitterGooglePO.java:24)
at pom.TwitterGooglePO.twitterSrchResLink(TwitterGooglePO.java:24)
at pom.TwitterGooglePO.twitterSrchResLink(TwitterGooglePO.java:24)
at pom.TwitterGooglePO.twitterSrchResLink(TwitterGooglePO.java:24)
at pom.TwitterGooglePO.twitterSrchResLink(TwitterGooglePO.java:24)
at pom.TwitterGooglePO.twitterSrchResLink(TwitterGooglePO.java:24)
at pom.TwitterGooglePO.twitterSrchResLink(TwitterGooglePO.java:24)
at pom.TwitterGooglePO.twitterSrchResLink(TwitterGooglePO.java:24)
at pom.TwitterGooglePO.twitterSrchResLink(TwitterGooglePO.java:24)
at pom.TwitterGooglePO.twitterSrchResLink(TwitterGooglePO.java:24)
at pom.TwitterGooglePO.twitterSrchResLink(TwitterGooglePO.java:24)
at pom.TwitterGooglePO.twitterSrchResLink(TwitterGooglePO.java:24)
at pom.TwitterGooglePO.twitterSrchResLink(TwitterGooglePO.java:24)
at pom.TwitterGooglePO.twitterSrchResLink(TwitterGooglePO.java:24)
at pom.TwitterGooglePO.twitterSrchResLink(TwitterGooglePO.java:24)
at pom.TwitterGooglePO.twitterSrchResLink(TwitterGooglePO.java:24)
at pom.TwitterGooglePO.twitterSrchResLink(TwitterGooglePO.java:24)
at pom.TwitterGooglePO.twitterSrchResLink(TwitterGooglePO.java:24)
at pom.TwitterGooglePO.twitterSrchResLink(TwitterGooglePO.java:24)
at pom.TwitterGooglePO.twitterSrchResLink(TwitterGooglePO.java:24)
at pom.TwitterGooglePO.twitterSrchResLink(TwitterGooglePO.java:24)
at pom.TwitterGooglePO.twitterSrchResLink(TwitterGooglePO.java:24)
at pom.TwitterGooglePO.twitterSrchResLink(TwitterGooglePO.java:24)
at pom.TwitterGooglePO.twitterSrchResLink(TwitterGooglePO.java:24)
at pom.TwitterGooglePO.twitterSrchResLink(TwitterGooglePO.java:24)
at pom.TwitterGooglePO.twitterSrchResLink(TwitterGooglePO.java:24)
at pom.TwitterGooglePO.twitterSrchResLink(TwitterGooglePO.java:24)
at pom.TwitterGooglePO.twitterSrchResLink(TwitterGooglePO.java:24)
at pom.TwitterGooglePO.twitterSrchResLink(TwitterGooglePO.java:24)
at pom.TwitterGooglePO.twitterSrchResLink(TwitterGooglePO.java:24)
at pom.TwitterGooglePO.twitterSrchResLink(TwitterGooglePO.java:24)
at pom.TwitterGooglePO.twitterSrchResLink(TwitterGooglePO.java:24)
at pom.TwitterGooglePO.twitterSrchResLink(TwitterGooglePO.java:24)
at pom.TwitterGooglePO.twitterSrchResLink(TwitterGooglePO.java:24)
at pom.TwitterGooglePO.twitterSrchResLink(TwitterGooglePO.java:24)
at pom.TwitterGooglePO.twitterSrchResLink(TwitterGooglePO.java:24)
at pom.TwitterGooglePO.twitterSrchResLink(TwitterGooglePO.java:24)
at pom.TwitterGooglePO.twitterSrchResLink(TwitterGooglePO.java:24)
at pom.TwitterGooglePO.twitterSrchResLink(TwitterGooglePO.java:24)
at pom.TwitterGooglePO.twitterSrchResLink(TwitterGooglePO.java:24)
at pom.TwitterGooglePO.twitterSrchResLink(TwitterGooglePO.java:24)
at pom.TwitterGooglePO.twitterSrchResLink(TwitterGooglePO.java:24)
at pom.TwitterGooglePO.twitterSrchResLink(TwitterGooglePO.java:24)
at pom.TwitterGooglePO.twitterSrchResLink(TwitterGooglePO.java:24)
at pom.TwitterGooglePO.twitterSrchResLink(TwitterGooglePO.java:24)
at pom.TwitterGooglePO.twitterSrchResLink(TwitterGooglePO.java:24)
at pom.TwitterGooglePO.twitterSrchResLink(TwitterGooglePO.java:24)
at pom.TwitterGooglePO.twitterSrchResLink(TwitterGooglePO.java:24)
at pom.TwitterGooglePO.twitterSrchResLink(TwitterGooglePO.java:24)
at pom.TwitterGooglePO.twitterSrchResLink(TwitterGooglePO.java:24)
at pom.TwitterGooglePO.twitterSrchResLink(TwitterGooglePO.java:24)
at pom.TwitterGooglePO.twitterSrchResLink(TwitterGooglePO.java:24)
at pom.TwitterGooglePO.twitterSrchResLink(TwitterGooglePO.java:24)
at pom.TwitterGooglePO.twitterSrchResLink(TwitterGooglePO.java:24)
at pom.TwitterGooglePO.twitterSrchResLink(TwitterGooglePO.java:24)
at pom.TwitterGooglePO.twitterSrchResLink(TwitterGooglePO.java:24)
at pom.TwitterGooglePO.twitterSrchResLink(TwitterGooglePO.java:24)
at pom.TwitterGooglePO.twitterSrchResLink(TwitterGooglePO.java:24)
at pom.TwitterGooglePO.twitterSrchResLink(TwitterGooglePO.java:24)
at pom.TwitterGooglePO.twitterSrchResLink(TwitterGooglePO.java:24)
at pom.TwitterGooglePO.twitterSrchResLink(TwitterGooglePO.java:24)
at pom.TwitterGooglePO.twitterSrchResLink(TwitterGooglePO.java:24)
at pom.TwitterGooglePO.twitterSrchResLink(TwitterGooglePO.java:24)
at pom.TwitterGooglePO.twitterSrchResLink(TwitterGooglePO.java:24)
at pom.TwitterGooglePO.twitterSrchResLink(TwitterGooglePO.java:24)
at pom.TwitterGooglePO.twitterSrchResLink(TwitterGooglePO.java:24)
at pom.TwitterGooglePO.twitterSrchResLink(TwitterGooglePO.java:24)
at pom.TwitterGooglePO.twitterSrchResLink(TwitterGooglePO.java:24)
at pom.TwitterGooglePO.twitterSrchResLink(TwitterGooglePO.java:24)
at pom.TwitterGooglePO.twitterSrchResLink(TwitterGooglePO.java:24)
at pom.TwitterGooglePO.twitterSrchResLink(TwitterGooglePO.java:24)
at pom.TwitterGooglePO.twitterSrchResLink(TwitterGooglePO.java:24)
at pom.TwitterGooglePO.twitterSrchResLink(TwitterGooglePO.java:24)
at pom.TwitterGooglePO.twitterSrchResLink(TwitterGooglePO.java:24)
at pom.TwitterGooglePO.twitterSrchResLink(TwitterGooglePO.java:24)
at pom.TwitterGooglePO.twitterSrchResLink(TwitterGooglePO.java:24)
at pom.TwitterGooglePO.twitterSrchResLink(TwitterGooglePO.java:24)
at pom.TwitterGooglePO.twitterSrchResLink(TwitterGooglePO.java:24)
at pom.TwitterGooglePO.twitterSrchResLink(TwitterGooglePO.java:24)
at pom.TwitterGooglePO.twitterSrchResLink(TwitterGooglePO.java:24)
at pom.TwitterGooglePO.twitterSrchResLink(TwitterGooglePO.java:24)
at pom.TwitterGooglePO.twitterSrchResLink(TwitterGooglePO.java:24)
at pom.TwitterGooglePO.twitterSrchResLink(TwitterGooglePO.java:24)
at pom.TwitterGooglePO.twitterSrchResLink(TwitterGooglePO.java:24)
at pom.TwitterGooglePO.twitterSrchResLink(TwitterGooglePO.java:24)
at pom.TwitterGooglePO.twitterSrchResLink(TwitterGooglePO.java:24)
at pom.TwitterGooglePO.twitterSrchResLink(TwitterGooglePO.java:24)
at pom.TwitterGooglePO.twitterSrchResLink(TwitterGooglePO.java:24)
at pom.TwitterGooglePO.twitterSrchResLink(TwitterGooglePO.java:24)
at pom.TwitterGooglePO.twitterSrchResLink(TwitterGooglePO.java:24)
at pom.TwitterGooglePO.twitterSrchResLink(TwitterGooglePO.java:24)
at pom.TwitterGooglePO.twitterSrchResLink(TwitterGooglePO.java:24)
at pom.TwitterGooglePO.twitterSrchResLink(TwitterGooglePO.java:24)
at pom.TwitterGooglePO.twitterSrchResLink(TwitterGooglePO.java:24)
at pom.TwitterGooglePO.twitterSrchResLink(TwitterGooglePO.java:24)
at pom.TwitterGooglePO.twitterSrchResLink(TwitterGooglePO.java:24)
at pom.TwitterGooglePO.twitterSrchResLink(TwitterGooglePO.java:24)
at pom.TwitterGooglePO.twitterSrchResLink(TwitterGooglePO.java:24)
at pom.TwitterGooglePO.twitterSrchResLink(TwitterGooglePO.java:24)
at pom.TwitterGooglePO.twitterSrchResLink(TwitterGooglePO.java:24)
at pom.TwitterGooglePO.twitterSrchResLink(TwitterGooglePO.java:24)
at pom.TwitterGooglePO.twitterSrchResLink(TwitterGooglePO.java:24)
at pom.TwitterGooglePO.twitterSrchResLink(TwitterGooglePO.java:24)
at pom.TwitterGooglePO.twitterSrchResLink(TwitterGooglePO.java:24)
at pom.TwitterGooglePO.twitterSrchResLink(TwitterGooglePO.java:24)
at pom.TwitterGooglePO.twitterSrchResLink(TwitterGooglePO.java:24)
at pom.TwitterGooglePO.twitterSrchResLink(TwitterGooglePO.java:24)
at pom.TwitterGooglePO.twitterSrchResLink(TwitterGooglePO.java:24)
at pom.TwitterGooglePO.twitterSrchResLink(TwitterGooglePO.java:24)
at pom.TwitterGooglePO.twitterSrchResLink(TwitterGooglePO.java:24)
at pom.TwitterGooglePO.twitterSrchResLink(TwitterGooglePO.java:24)
at pom.TwitterGooglePO.twitterSrchResLink(TwitterGooglePO.java:24)
at pom.TwitterGooglePO.twitterSrchResLink(TwitterGooglePO.java:24)
at pom.TwitterGooglePO.twitterSrchResLink(TwitterGooglePO.java:24)
at pom.TwitterGooglePO.twitterSrchResLink(TwitterGooglePO.java:24)
at pom.TwitterGooglePO.twitterSrchResLink(TwitterGooglePO.java:24)
at pom.TwitterGooglePO.twitterSrchResLink(TwitterGooglePO.java:24)
at pom.TwitterGooglePO.twitterSrchResLink(TwitterGooglePO.java:24)
at pom.TwitterGooglePO.twitterSrchResLink(TwitterGooglePO.java:24)
at pom.TwitterGooglePO.twitterSrchResLink(TwitterGooglePO.java:24)
at pom.TwitterGooglePO.twitterSrchResLink(TwitterGooglePO.java:24)
at pom.TwitterGooglePO.twitterSrchResLink(TwitterGooglePO.java:24)
at pom.TwitterGooglePO.twitterSrchResLink(TwitterGooglePO.java:24)
at pom.TwitterGooglePO.twitterSrchResLink(TwitterGooglePO.java:24)
at pom.TwitterGooglePO.twitterSrchResLink(TwitterGooglePO.java:24)
at pom.TwitterGooglePO.twitterSrchResLink(TwitterGooglePO.java:24)
at pom.TwitterGooglePO.twitterSrchResLink(TwitterGooglePO.java:24)
at pom.TwitterGooglePO.twitterSrchResLink(TwitterGooglePO.java:24)
at pom.TwitterGooglePO.twitterSrchResLink(TwitterGooglePO.java:24)
at pom.TwitterGooglePO.twitterSrchResLink(TwitterGooglePO.java:24)
at pom.TwitterGooglePO.twitterSrchResLink(TwitterGooglePO.java:24)
at pom.TwitterGooglePO.twitterSrchResLink(TwitterGooglePO.java:24)
at pom.TwitterGooglePO.twitterSrchResLink(TwitterGooglePO.java:24)
at pom.TwitterGooglePO.twitterSrchResLink(TwitterGooglePO.java:24)
at pom.TwitterGooglePO.twitterSrchResLink(TwitterGooglePO.java:24)
at pom.TwitterGooglePO.twitterSrchResLink(TwitterGooglePO.java:24)
at pom.TwitterGooglePO.twitterSrchResLink(TwitterGooglePO.java:24)
at pom.TwitterGooglePO.twitterSrchResLink(TwitterGooglePO.java:24)
at pom.TwitterGooglePO.twitterSrchResLink(TwitterGooglePO.java:24)
at pom.TwitterGooglePO.twitterSrchResLink(TwitterGooglePO.java:24)
at pom.TwitterGooglePO.twitterSrchResLink(TwitterGooglePO.java:24)
at pom.TwitterGooglePO.twitterSrchResLink(TwitterGooglePO.java:24)
at pom.TwitterGooglePO.twitterSrchResLink(TwitterGooglePO.java:24)
at pom.TwitterGooglePO.twitterSrchResLink(TwitterGooglePO.java:24)
at pom.TwitterGooglePO.twitterSrchResLink(TwitterGooglePO.java:24)
at pom.TwitterGooglePO.twitterSrchResLink(TwitterGooglePO.java:24)
at pom.TwitterGooglePO.twitterSrchResLink(TwitterGooglePO.java:24)
at pom.TwitterGooglePO.twitterSrchResLink(TwitterGooglePO.java:24)
at pom.TwitterGooglePO.twitterSrchResLink(TwitterGooglePO.java:24)
at pom.TwitterGooglePO.twitterSrchResLink(TwitterGooglePO.java:24)
at pom.TwitterGooglePO.twitterSrchResLink(TwitterGooglePO.java:24)
at pom.TwitterGooglePO.twitterSrchResLink(TwitterGooglePO.java:24)
at pom.TwitterGooglePO.twitterSrchResLink(TwitterGooglePO.java:24)
at pom.TwitterGooglePO.twitterSrchResLink(TwitterGooglePO.java:24)
at pom.TwitterGooglePO.twitterSrchResLink(TwitterGooglePO.java:24)
at pom.TwitterGooglePO.twitterSrchResLink(TwitterGooglePO.java:24)
at pom.TwitterGooglePO.twitterSrchResLink(TwitterGooglePO.java:24)
at pom.TwitterGooglePO.twitterSrchResLink(TwitterGooglePO.java:24)
at pom.TwitterGooglePO.twitterSrchResLink(TwitterGooglePO.java:24)
at pom.TwitterGooglePO.twitterSrchResLink(TwitterGooglePO.java:24)
at pom.TwitterGooglePO.twitterSrchResLink(TwitterGooglePO.java:24)
at pom.TwitterGooglePO.twitterSrchResLink(TwitterGooglePO.java:24)
at pom.TwitterGooglePO.twitterSrchResLink(TwitterGooglePO.java:24)
at pom.TwitterGooglePO.twitterSrchResLink(TwitterGooglePO.java:24)
at pom.TwitterGooglePO.twitterSrchResLink(TwitterGooglePO.java:24)
at pom.TwitterGooglePO.twitterSrchResLink(TwitterGooglePO.java:24)
at pom.TwitterGooglePO.twitterSrchResLink(TwitterGooglePO.java:24)
at pom.TwitterGooglePO.twitterSrchResLink(TwitterGooglePO.java:24)
at pom.TwitterGooglePO.twitterSrchResLink(TwitterGooglePO.java:24)
at pom.TwitterGooglePO.twitterSrchResLink(TwitterGooglePO.java:24)
at pom.TwitterGooglePO.twitterSrchResLink(TwitterGooglePO.java:24)
at pom.TwitterGooglePO.twitterSrchResLink(TwitterGooglePO.java:24)
at pom.TwitterGooglePO.twitterSrchResLink(TwitterGooglePO.java:24)
at pom.TwitterGooglePO.twitterSrchResLink(TwitterGooglePO.java:24)
at pom.TwitterGooglePO.twitterSrchResLink(TwitterGooglePO.java:24)
at pom.TwitterGooglePO.twitterSrchResLink(TwitterGooglePO.java:24)
at pom.TwitterGooglePO.twitterSrchResLink(TwitterGooglePO.java:24)
at pom.TwitterGooglePO.twitterSrchResLink(TwitterGooglePO.java:24)
at pom.TwitterGooglePO.twitterSrchResLink(TwitterGooglePO.java:24)
at pom.TwitterGooglePO.twitterSrchResLink(TwitterGooglePO.java:24)
at pom.TwitterGooglePO.twitterSrchResLink(TwitterGooglePO.java:24)
at pom.TwitterGooglePO.twitterSrchResLink(TwitterGooglePO.java:24)
at pom.TwitterGooglePO.twitterSrchResLink(TwitterGooglePO.java:24)
at pom.TwitterGooglePO.twitterSrchResLink(TwitterGooglePO.java:24)
at pom.TwitterGooglePO.twitterSrchResLink(TwitterGooglePO.java:24)
at pom.TwitterGooglePO.twitterSrchResLink(TwitterGooglePO.java:24)
at pom.TwitterGooglePO.twitterSrchResLink(TwitterGooglePO.java:24)
at pom.TwitterGooglePO.twitterSrchResLink(TwitterGooglePO.java:24)
at pom.TwitterGooglePO.twitterSrchResLink(TwitterGooglePO.java:24)
at pom.TwitterGooglePO.twitterSrchResLink(TwitterGooglePO.java:24)
at pom.TwitterGooglePO.twitterSrchResLink(TwitterGooglePO.java:24)
at pom.TwitterGooglePO.twitterSrchResLink(TwitterGooglePO.java:24)
at pom.TwitterGooglePO.twitterSrchResLink(TwitterGooglePO.java:24)
at pom.TwitterGooglePO.twitterSrchResLink(TwitterGooglePO.java:24)
at pom.TwitterGooglePO.twitterSrchResLink(TwitterGooglePO.java:24)
at pom.TwitterGooglePO.twitterSrchResLink(TwitterGooglePO.java:24)
at pom.TwitterGooglePO.twitterSrchResLink(TwitterGooglePO.java:24)
at pom.TwitterGooglePO.twitterSrchResLink(TwitterGooglePO.java:24)
at pom.TwitterGooglePO.twitterSrchResLink(TwitterGooglePO.java:24)
at pom.TwitterGooglePO.twitterSrchResLink(TwitterGooglePO.java:24)
at pom.TwitterGooglePO.twitterSrchResLink(TwitterGooglePO.java:24)
at pom.TwitterGooglePO.twitterSrchResLink(TwitterGooglePO.java:24)
at pom.TwitterGooglePO.twitterSrchResLink(TwitterGooglePO.java:24)
at pom.TwitterGooglePO.twitterSrchResLink(TwitterGooglePO.java:24)
at pom.TwitterGooglePO.twitterSrchResLink(TwitterGooglePO.java:24)
at pom.TwitterGooglePO.twitterSrchResLink(TwitterGooglePO.java:24)
at pom.TwitterGooglePO.twitterSrchResLink(TwitterGooglePO.java:24)
at pom.TwitterGooglePO.twitterSrchResLink(TwitterGooglePO.java:24)
at pom.TwitterGooglePO.twitterSrchResLink(TwitterGooglePO.java:24)
at pom.TwitterGooglePO.twitterSrchResLink(TwitterGooglePO.java:24)
at pom.TwitterGooglePO.twitterSrchResLink(TwitterGooglePO.java:24)
at pom.TwitterGooglePO.twitterSrchResLink(TwitterGooglePO.java:24)
at pom.TwitterGooglePO.twitterSrchResLink(TwitterGooglePO.java:24)
at pom.TwitterGooglePO.twitterSrchResLink(TwitterGooglePO.java:24)
at pom.TwitterGooglePO.twitterSrchResLink(TwitterGooglePO.java:24)
at pom.TwitterGooglePO.twitterSrchResLink(TwitterGooglePO.java:24)
at pom.TwitterGooglePO.twitterSrchResLink(TwitterGooglePO.java:24)
at pom.TwitterGooglePO.twitterSrchResLink(TwitterGooglePO.java:24)
at pom.TwitterGooglePO.twitterSrchResLink(TwitterGooglePO.java:24)
at pom.TwitterGooglePO.twitterSrchResLink(TwitterGooglePO.java:24)
at pom.TwitterGooglePO.twitterSrchResLink(TwitterGooglePO.java:24)
at pom.TwitterGooglePO.twitterSrchResLink(TwitterGooglePO.java:24)
at pom.TwitterGooglePO.twitterSrchResLink(TwitterGooglePO.java:24)
at pom.TwitterGooglePO.twitterSrchResLink(TwitterGooglePO.java:24)
at pom.TwitterGooglePO.twitterSrchResLink(TwitterGooglePO.java:24)
at pom.TwitterGooglePO.twitterSrchResLink(TwitterGooglePO.java:24)
at pom.TwitterGooglePO.twitterSrchResLink(TwitterGooglePO.java:24)
at pom.TwitterGooglePO.twitterSrchResLink(TwitterGooglePO.java:24)
at pom.TwitterGooglePO.twitterSrchResLink(TwitterGooglePO.java:24)
at pom.TwitterGooglePO.twitterSrchResLink(TwitterGooglePO.java:24)
at pom.TwitterGooglePO.twitterSrchResLink(TwitterGooglePO.java:24)
at pom.TwitterGooglePO.twitterSrchResLink(TwitterGooglePO.java:24)
at pom.TwitterGooglePO.twitterSrchResLink(TwitterGooglePO.java:24)
at pom.TwitterGooglePO.twitterSrchResLink(TwitterGooglePO.java:24)
at pom.TwitterGooglePO.twitterSrchResLink(TwitterGooglePO.java:24)
at pom.TwitterGooglePO.twitterSrchResLink(TwitterGooglePO.java:24)
at pom.TwitterGooglePO.twitterSrchResLink(TwitterGooglePO.java:24)
at pom.TwitterGooglePO.twitterSrchResLink(TwitterGooglePO.java:24)
at pom.TwitterGooglePO.twitterSrchResLink(TwitterGooglePO.java:24)
at pom.TwitterGooglePO.twitterSrchResLink(TwitterGooglePO.java:24)
at pom.TwitterGooglePO.twitterSrchResLink(TwitterGooglePO.java:24)
at pom.TwitterGooglePO.twitterSrchResLink(TwitterGooglePO.java:24)
at pom.TwitterGooglePO.twitterSrchResLink(TwitterGooglePO.java:24)
at pom.TwitterGooglePO.twitterSrchResLink(TwitterGooglePO.java:24)
at pom.TwitterGooglePO.twitterSrchResLink(TwitterGooglePO.java:24)
at pom.TwitterGooglePO.twitterSrchResLink(TwitterGooglePO.java:24)
at pom.TwitterGooglePO.twitterSrchResLink(TwitterGooglePO.java:24)
at pom.TwitterGooglePO.twitterSrchResLink(TwitterGooglePO.java:24)
at pom.TwitterGooglePO.twitterSrchResLink(TwitterGooglePO.java:24)
at pom.TwitterGooglePO.twitterSrchResLink(TwitterGooglePO.java:24)
at pom.TwitterGooglePO.twitterSrchResLink(TwitterGooglePO.java:24)
at pom.TwitterGooglePO.twitterSrchResLink(TwitterGooglePO.java:24)
at pom.TwitterGooglePO.twitterSrchResLink(TwitterGooglePO.java:24)
at pom.TwitterGooglePO.twitterSrchResLink(TwitterGooglePO.java:24)
at pom.TwitterGooglePO.twitterSrchResLink(TwitterGooglePO.java:24)
at pom.TwitterGooglePO.twitterSrchResLink(TwitterGooglePO.java:24)
at pom.TwitterGooglePO.twitterSrchResLink(TwitterGooglePO.java:24)
at pom.TwitterGooglePO.twitterSrchResLink(TwitterGooglePO.java:24)
at pom.TwitterGooglePO.twitterSrchResLink(TwitterGooglePO.java:24)
at pom.TwitterGooglePO.twitterSrchResLink(TwitterGooglePO.java:24)
at pom.TwitterGooglePO.twitterSrchResLink(TwitterGooglePO.java:24)
at pom.TwitterGooglePO.twitterSrchResLink(TwitterGooglePO.java:24)
at pom.TwitterGooglePO.twitterSrchResLink(TwitterGooglePO.java:24)
at pom.TwitterGooglePO.twitterSrchResLink(TwitterGooglePO.java:24)
at pom.TwitterGooglePO.twitterSrchResLink(TwitterGooglePO.java:24)
at pom.TwitterGooglePO.twitterSrchResLink(TwitterGooglePO.java:24)
at pom.TwitterGooglePO.twitterSrchResLink(TwitterGooglePO.java:24)
at pom.TwitterGooglePO.twitterSrchResLink(TwitterGooglePO.java:24)
at pom.TwitterGooglePO.twitterSrchResLink(TwitterGooglePO.java:24)
at pom.TwitterGooglePO.twitterSrchResLink(TwitterGooglePO.java:24)
at pom.TwitterGooglePO.twitterSrchResLink(TwitterGooglePO.java:24)
at pom.TwitterGooglePO.twitterSrchResLink(TwitterGooglePO.java:24)
at pom.TwitterGooglePO.twitterSrchResLink(TwitterGooglePO.java:24)
at pom.TwitterGooglePO.twitterSrchResLink(TwitterGooglePO.java:24)
at pom.TwitterGooglePO.twitterSrchResLink(TwitterGooglePO.java:24)
at pom.TwitterGooglePO.twitterSrchResLink(TwitterGooglePO.java:24)
at pom.TwitterGooglePO.twitterSrchResLink(TwitterGooglePO.java:24)
at pom.TwitterGooglePO.twitterSrchResLink(TwitterGooglePO.java:24)
at pom.TwitterGooglePO.twitterSrchResLink(TwitterGooglePO.java:24)
at pom.TwitterGooglePO.twitterSrchResLink(TwitterGooglePO.java:24)
at pom.TwitterGooglePO.twitterSrchResLink(TwitterGooglePO.java:24)
at pom.TwitterGooglePO.twitterSrchResLink(TwitterGooglePO.java:24)
at pom.TwitterGooglePO.twitterSrchResLink(TwitterGooglePO.java:24)
at pom.TwitterGooglePO.twitterSrchResLink(TwitterGooglePO.java:24)
at pom.TwitterGooglePO.twitterSrchResLink(TwitterGooglePO.java:24)
at pom.TwitterGooglePO.twitterSrchResLink(TwitterGooglePO.java:24)
at pom.TwitterGooglePO.twitterSrchResLink(TwitterGooglePO.java:24)
at pom.TwitterGooglePO.twitterSrchResLink(TwitterGooglePO.java:24)
at pom.TwitterGooglePO.twitterSrchResLink(TwitterGooglePO.java:24)
at pom.TwitterGooglePO.twitterSrchResLink(TwitterGooglePO.java:24)
at pom.TwitterGooglePO.twitterSrchResLink(TwitterGooglePO.java:24)
at pom.TwitterGooglePO.twitterSrchResLink(TwitterGooglePO.java:24)
at pom.TwitterGooglePO.twitterSrchResLink(TwitterGooglePO.java:24)
at pom.TwitterGooglePO.twitterSrchResLink(TwitterGooglePO.java:24)
at pom.TwitterGooglePO.twitterSrchResLink(TwitterGooglePO.java:24)
at pom.TwitterGooglePO.twitterSrchResLink(TwitterGooglePO.java:24)
at pom.TwitterGooglePO.twitterSrchResLink(TwitterGooglePO.java:24)
at pom.TwitterGooglePO.twitterSrchResLink(TwitterGooglePO.java:24)
at pom.TwitterGooglePO.twitterSrchResLink(TwitterGooglePO.java:24)
at pom.TwitterGooglePO.twitterSrchResLink(TwitterGooglePO.java:24)
at pom.TwitterGooglePO.twitterSrchResLink(TwitterGooglePO.java:24)
at pom.TwitterGooglePO.twitterSrchResLink(TwitterGooglePO.java:24)
at pom.TwitterGooglePO.twitterSrchResLink(TwitterGooglePO.java:24)
at pom.TwitterGooglePO.twitterSrchResLink(TwitterGooglePO.java:24)
at pom.TwitterGooglePO.twitterSrchResLink(TwitterGooglePO.java:24)
at pom.TwitterGooglePO.twitterSrchResLink(TwitterGooglePO.java:24)
at pom.TwitterGooglePO.twitterSrchResLink(TwitterGooglePO.java:24)
at pom.TwitterGooglePO.twitterSrchResLink(TwitterGooglePO.java:24)
at pom.TwitterGooglePO.twitterSrchResLink(TwitterGooglePO.java:24)
at pom.TwitterGooglePO.twitterSrchResLink(TwitterGooglePO.java:24)
at pom.TwitterGooglePO.twitterSrchResLink(TwitterGooglePO.java:24)
at pom.TwitterGooglePO.twitterSrchResLink(TwitterGooglePO.java:24)
at pom.TwitterGooglePO.twitterSrchResLink(TwitterGooglePO.java:24)
at pom.TwitterGooglePO.twitterSrchResLink(TwitterGooglePO.java:24)
at pom.TwitterGooglePO.twitterSrchResLink(TwitterGooglePO.java:24)
at pom.TwitterGooglePO.twitterSrchResLink(TwitterGooglePO.java:24)
at pom.TwitterGooglePO.twitterSrchResLink(TwitterGooglePO.java:24)
at pom.TwitterGooglePO.twitterSrchResLink(TwitterGooglePO.java:24)
at pom.TwitterGooglePO.twitterSrchResLink(TwitterGooglePO.java:24)
at pom.TwitterGooglePO.twitterSrchResLink(TwitterGooglePO.java:24)
at pom.TwitterGooglePO.twitterSrchResLink(TwitterGooglePO.java:24)
at pom.TwitterGooglePO.twitterSrchResLink(TwitterGooglePO.java:24)
at pom.TwitterGooglePO.twitterSrchResLink(TwitterGooglePO.java:24)
at pom.TwitterGooglePO.twitterSrchResLink(TwitterGooglePO.java:24)
at pom.TwitterGooglePO.twitterSrchResLink(TwitterGooglePO.java:24)
at pom.TwitterGooglePO.twitterSrchResLink(TwitterGooglePO.java:24)
at pom.TwitterGooglePO.twitterSrchResLink(TwitterGooglePO.java:24)
at pom.TwitterGooglePO.twitterSrchResLink(TwitterGooglePO.java:24)
at pom.TwitterGooglePO.twitterSrchResLink(TwitterGooglePO.java:24)
at pom.TwitterGooglePO.twitterSrchResLink(TwitterGooglePO.java:24)
at pom.TwitterGooglePO.twitterSrchResLink(TwitterGooglePO.java:24)
at pom.TwitterGooglePO.twitterSrchResLink(TwitterGooglePO.java:24)
at pom.TwitterGooglePO.twitterSrchResLink(TwitterGooglePO.java:24)
at pom.TwitterGooglePO.twitterSrchResLink(TwitterGooglePO.java:24)
at pom.TwitterGooglePO.twitterSrchResLink(TwitterGooglePO.java:24)
at pom.TwitterGooglePO.twitterSrchResLink(TwitterGooglePO.java:24)
at pom.TwitterGooglePO.twitterSrchResLink(TwitterGooglePO.java:24)
at pom.TwitterGooglePO.twitterSrchResLink(TwitterGooglePO.java:24)
at pom.TwitterGooglePO.twitterSrchResLink(TwitterGooglePO.java:24)
at pom.TwitterGooglePO.twitterSrchResLink(TwitterGooglePO.java:24)
at pom.TwitterGooglePO.twitterSrchResLink(TwitterGooglePO.java:24)
at pom.TwitterGooglePO.twitterSrchResLink(TwitterGooglePO.java:24)
at pom.TwitterGooglePO.twitterSrchResLink(TwitterGooglePO.java:24)
at pom.TwitterGooglePO.twitterSrchResLink(TwitterGooglePO.java:24)
at pom.TwitterGooglePO.twitterSrchResLink(TwitterGooglePO.java:24)
at pom.TwitterGooglePO.twitterSrchResLink(TwitterGooglePO.java:24)
at pom.TwitterGooglePO.twitterSrchResLink(TwitterGooglePO.java:24)
at pom.TwitterGooglePO.twitterSrchResLink(TwitterGooglePO.java:24)
at pom.TwitterGooglePO.twitterSrchResLink(TwitterGooglePO.java:24)
at pom.TwitterGooglePO.twitterSrchResLink(TwitterGooglePO.java:24)
at pom.TwitterGooglePO.twitterSrchResLink(TwitterGooglePO.java:24)
at pom.TwitterGooglePO.twitterSrchResLink(TwitterGooglePO.java:24)
at pom.TwitterGooglePO.twitterSrchResLink(TwitterGooglePO.java:24)
at pom.TwitterGooglePO.twitterSrchResLink(TwitterGooglePO.java:24)
at pom.TwitterGooglePO.twitterSrchResLink(TwitterGooglePO.java:24)
at pom.TwitterGooglePO.twitterSrchResLink(TwitterGooglePO.java:24)
at pom.TwitterGooglePO.twitterSrchResLink(TwitterGooglePO.java:24)
at pom.TwitterGooglePO.twitterSrchResLink(TwitterGooglePO.java:24)
at pom.TwitterGooglePO.twitterSrchResLink(TwitterGooglePO.java:24)
at pom.TwitterGooglePO.twitterSrchResLink(TwitterGooglePO.java:24)
at pom.TwitterGooglePO.twitterSrchResLink(TwitterGooglePO.java:24)
at pom.TwitterGooglePO.twitterSrchResLink(TwitterGooglePO.java:24)
at pom.TwitterGooglePO.twitterSrchResLink(TwitterGooglePO.java:24)
at pom.TwitterGooglePO.twitterSrchResLink(TwitterGooglePO.java:24)
at pom.TwitterGooglePO.twitterSrchResLink(TwitterGooglePO.java:24)
at pom.TwitterGooglePO.twitterSrchResLink(TwitterGooglePO.java:24)
at pom.TwitterGooglePO.twitterSrchResLink(TwitterGooglePO.java:24)
at pom.TwitterGooglePO.twitterSrchResLink(TwitterGooglePO.java:24)
at pom.TwitterGooglePO.twitterSrchResLink(TwitterGooglePO.java:24)
at pom.TwitterGooglePO.twitterSrchResLink(TwitterGooglePO.java:24)
at pom.TwitterGooglePO.twitterSrchResLink(TwitterGooglePO.java:24)
at pom.TwitterGooglePO.twitterSrchResLink(TwitterGooglePO.java:24)
at pom.TwitterGooglePO.twitterSrchResLink(TwitterGooglePO.java:24)
at pom.TwitterGooglePO.twitterSrchResLink(TwitterGooglePO.java:24)
at pom.TwitterGooglePO.twitterSrchResLink(TwitterGooglePO.java:24)
at pom.TwitterGooglePO.twitterSrchResLink(TwitterGooglePO.java:24)
at pom.TwitterGooglePO.twitterSrchResLink(TwitterGooglePO.java:24)
at pom.TwitterGooglePO.twitterSrchResLink(TwitterGooglePO.java:24)
at pom.TwitterGooglePO.twitterSrchResLink(TwitterGooglePO.java:24)
at pom.TwitterGooglePO.twitterSrchResLink(TwitterGooglePO.java:24)
at pom.TwitterGooglePO.twitterSrchResLink(TwitterGooglePO.java:24)
at pom.TwitterGooglePO.twitterSrchResLink(TwitterGooglePO.java:24)
at pom.TwitterGooglePO.twitterSrchResLink(TwitterGooglePO.java:24)
at pom.TwitterGooglePO.twitterSrchResLink(TwitterGooglePO.java:24)
at pom.TwitterGooglePO.twitterSrchResLink(TwitterGooglePO.java:24)
at pom.TwitterGooglePO.twitterSrchResLink(TwitterGooglePO.java:24)
at pom.TwitterGooglePO.twitterSrchResLink(TwitterGooglePO.java:24)
at pom.TwitterGooglePO.twitterSrchResLink(TwitterGooglePO.java:24)
at pom.TwitterGooglePO.twitterSrchResLink(TwitterGooglePO.java:24)
at pom.TwitterGooglePO.twitterSrchResLink(TwitterGooglePO.java:24)
at pom.TwitterGooglePO.twitterSrchResLink(TwitterGooglePO.java:24)
at pom.TwitterGooglePO.twitterSrchResLink(TwitterGooglePO.java:24)
at pom.TwitterGooglePO.twitterSrchResLink(TwitterGooglePO.java:24)
at pom.TwitterGooglePO.twitterSrchResLink(TwitterGooglePO.java:24)
at pom.TwitterGooglePO.twitterSrchResLink(TwitterGooglePO.java:24)
at pom.TwitterGooglePO.twitterSrchResLink(TwitterGooglePO.java:24)
at pom.TwitterGooglePO.twitterSrchResLink(TwitterGooglePO.java:24)
at pom.TwitterGooglePO.twitterSrchResLink(TwitterGooglePO.java:24)
at pom.TwitterGooglePO.twitterSrchResLink(TwitterGooglePO.java:24)
at pom.TwitterGooglePO.twitterSrchResLink(TwitterGooglePO.java:24)
at pom.TwitterGooglePO.twitterSrchResLink(TwitterGooglePO.java:24)
at pom.TwitterGooglePO.twitterSrchResLink(TwitterGooglePO.java:24)
at pom.TwitterGooglePO.twitterSrchResLink(TwitterGooglePO.java:24)
at pom.TwitterGooglePO.twitterSrchResLink(TwitterGooglePO.java:24)
at pom.TwitterGooglePO.twitterSrchResLink(TwitterGooglePO.java:24)
at pom.TwitterGooglePO.twitterSrchResLink(TwitterGooglePO.java:24)
at pom.TwitterGooglePO.twitterSrchResLink(TwitterGooglePO.java:24)
at pom.TwitterGooglePO.twitterSrchResLink(TwitterGooglePO.java:24)
at pom.TwitterGooglePO.twitterSrchResLink(TwitterGooglePO.java:24)
at pom.TwitterGooglePO.twitterSrchResLink(TwitterGooglePO.java:24)
at pom.TwitterGooglePO.twitterSrchResLink(TwitterGooglePO.java:24)
at pom.TwitterGooglePO.twitterSrchResLink(TwitterGooglePO.java:24)
at pom.TwitterGooglePO.twitterSrchResLink(TwitterGooglePO.java:24)
at pom.TwitterGooglePO.twitterSrchResLink(TwitterGooglePO.java:24)
at pom.TwitterGooglePO.twitterSrchResLink(TwitterGooglePO.java:24)
at pom.TwitterGooglePO.twitterSrchResLink(TwitterGooglePO.java:24)
at pom.TwitterGooglePO.twitterSrchResLink(TwitterGooglePO.java:24)
at pom.TwitterGooglePO.twitterSrchResLink(TwitterGooglePO.java:24)
at pom.TwitterGooglePO.twitterSrchResLink(TwitterGooglePO.java:24)
at pom.TwitterGooglePO.twitterSrchResLink(TwitterGooglePO.java:24)
at pom.TwitterGooglePO.twitterSrchResLink(TwitterGooglePO.java:24)
at pom.TwitterGooglePO.twitterSrchResLink(TwitterGooglePO.java:24)
at pom.TwitterGooglePO.twitterSrchResLink(TwitterGooglePO.java:24)
at pom.TwitterGooglePO.twitterSrchResLink(TwitterGooglePO.java:24)
at pom.TwitterGooglePO.twitterSrchResLink(TwitterGooglePO.java:24)
at pom.TwitterGooglePO.twitterSrchResLink(TwitterGooglePO.java:24)
at pom.TwitterGooglePO.twitterSrchResLink(TwitterGooglePO.java:24)
at pom.TwitterGooglePO.twitterSrchResLink(TwitterGooglePO.java:24)
at pom.TwitterGooglePO.twitterSrchResLink(TwitterGooglePO.java:24)
at pom.TwitterGooglePO.twitterSrchResLink(TwitterGooglePO.java:24)
at pom.TwitterGooglePO.twitterSrchResLink(TwitterGooglePO.java:24)
at pom.TwitterGooglePO.twitterSrchResLink(TwitterGooglePO.java:24)
at pom.TwitterGooglePO.twitterSrchResLink(TwitterGooglePO.java:24)
at pom.TwitterGooglePO.twitterSrchResLink(TwitterGooglePO.java:24)
at pom.TwitterGooglePO.twitterSrchResLink(TwitterGooglePO.java:24)
at pom.TwitterGooglePO.twitterSrchResLink(TwitterGooglePO.java:24)
at pom.TwitterGooglePO.twitterSrchResLink(TwitterGooglePO.java:24)
at pom.TwitterGooglePO.twitterSrchResLink(TwitterGooglePO.java:24)
at pom.TwitterGooglePO.twitterSrchResLink(TwitterGooglePO.java:24)
at pom.TwitterGooglePO.twitterSrchResLink(TwitterGooglePO.java:24)
at pom.TwitterGooglePO.twitterSrchResLink(TwitterGooglePO.java:24)
at pom.TwitterGooglePO.twitterSrchResLink(TwitterGooglePO.java:24)
at pom.TwitterGooglePO.twitterSrchResLink(TwitterGooglePO.java:24)
at pom.TwitterGooglePO.twitterSrchResLink(TwitterGooglePO.java:24)
at pom.TwitterGooglePO.twitterSrchResLink(TwitterGooglePO.java:24)
at pom.TwitterGooglePO.twitterSrchResLink(TwitterGooglePO.java:24)
at pom.TwitterGooglePO.twitterSrchResLink(TwitterGooglePO.java:24)
at pom.TwitterGooglePO.twitterSrchResLink(TwitterGooglePO.java:24)
at pom.TwitterGooglePO.twitterSrchResLink(TwitterGooglePO.java:24)
at pom.TwitterGooglePO.twitterSrchResLink(TwitterGooglePO.java:24)
at pom.TwitterGooglePO.twitterSrchResLink(TwitterGooglePO.java:24)
at pom.TwitterGooglePO.twitterSrchResLink(TwitterGooglePO.java:24)
at pom.TwitterGooglePO.twitterSrchResLink(TwitterGooglePO.java:24)
at pom.TwitterGooglePO.twitterSrchResLink(TwitterGooglePO.java:24)
at pom.TwitterGooglePO.twitterSrchResLink(TwitterGooglePO.java:24)
at pom.TwitterGooglePO.twitterSrchResLink(TwitterGooglePO.java:24)
at pom.TwitterGooglePO.twitterSrchResLink(TwitterGooglePO.java:24)
at pom.TwitterGooglePO.twitterSrchResLink(TwitterGooglePO.java:24)
at pom.TwitterGooglePO.twitterSrchResLink(TwitterGooglePO.java:24)
at pom.TwitterGooglePO.twitterSrchResLink(TwitterGooglePO.java:24)
at pom.TwitterGooglePO.twitterSrchResLink(TwitterGooglePO.java:24)
at pom.TwitterGooglePO.twitterSrchResLink(TwitterGooglePO.java:24)
at pom.TwitterGooglePO.twitterSrchResLink(TwitterGooglePO.java:24)
at pom.TwitterGooglePO.twitterSrchResLink(TwitterGooglePO.java:24)
at pom.TwitterGooglePO.twitterSrchResLink(TwitterGooglePO.java:24)
at pom.TwitterGooglePO.twitterSrchResLink(TwitterGooglePO.java:24)
at pom.TwitterGooglePO.twitterSrchResLink(TwitterGooglePO.java:24)
at pom.TwitterGooglePO.twitterSrchResLink(TwitterGooglePO.java:24)
at pom.TwitterGooglePO.twitterSrchResLink(TwitterGooglePO.java:24)
at pom.TwitterGooglePO.twitterSrchResLink(TwitterGooglePO.java:24)
at pom.TwitterGooglePO.twitterSrchResLink(TwitterGooglePO.java:24)
at pom.TwitterGooglePO.twitterSrchResLink(TwitterGooglePO.java:24)
at pom.TwitterGooglePO.twitterSrchResLink(TwitterGooglePO.java:24)
at pom.TwitterGooglePO.twitterSrchResLink(TwitterGooglePO.java:24)
at pom.TwitterGooglePO.twitterSrchResLink(TwitterGooglePO.java:24)
at pom.TwitterGooglePO.twitterSrchResLink(TwitterGooglePO.java:24)
at pom.TwitterGooglePO.twitterSrchResLink(TwitterGooglePO.java:24)
at pom.TwitterGooglePO.twitterSrchResLink(TwitterGooglePO.java:24)
at pom.TwitterGooglePO.twitterSrchResLink(TwitterGooglePO.java:24)
at pom.TwitterGooglePO.twitterSrchResLink(TwitterGooglePO.java:24)
at pom.TwitterGooglePO.twitterSrchResLink(TwitterGooglePO.java:24)
at pom.TwitterGooglePO.twitterSrchResLink(TwitterGooglePO.java:24)
at pom.TwitterGooglePO.twitterSrchResLink(TwitterGooglePO.java:24)
at pom.TwitterGooglePO.twitterSrchResLink(TwitterGooglePO.java:24)
at pom.TwitterGooglePO.twitterSrchResLink(TwitterGooglePO.java:24)
at pom.TwitterGooglePO.twitterSrchResLink(TwitterGooglePO.java:24)
at pom.TwitterGooglePO.twitterSrchResLink(TwitterGooglePO.java:24)
at pom.TwitterGooglePO.twitterSrchResLink(TwitterGooglePO.java:24)
at pom.TwitterGooglePO.twitterSrchResLink(TwitterGooglePO.java:24)
at pom.TwitterGooglePO.twitterSrchResLink(TwitterGooglePO.java:24)
at pom.TwitterGooglePO.twitterSrchResLink(TwitterGooglePO.java:24)
at pom.TwitterGooglePO.twitterSrchResLink(TwitterGooglePO.java:24)
at pom.TwitterGooglePO.twitterSrchResLink(TwitterGooglePO.java:24)
at pom.TwitterGooglePO.twitterSrchResLink(TwitterGooglePO.java:24)
at pom.TwitterGooglePO.twitterSrchResLink(TwitterGooglePO.java:24)
at pom.TwitterGooglePO.twitterSrchResLink(TwitterGooglePO.java:24)
at pom.TwitterGooglePO.twitterSrchResLink(TwitterGooglePO.java:24)
at pom.TwitterGooglePO.twitterSrchResLink(TwitterGooglePO.java:24)
at pom.TwitterGooglePO.twitterSrchResLink(TwitterGooglePO.java:24)
at pom.TwitterGooglePO.twitterSrchResLink(TwitterGooglePO.java:24)
at pom.TwitterGooglePO.twitterSrchResLink(TwitterGooglePO.java:24)
at pom.TwitterGooglePO.twitterSrchResLink(TwitterGooglePO.java:24)
at pom.TwitterGooglePO.twitterSrchResLink(TwitterGooglePO.java:24)
at pom.TwitterGooglePO.twitterSrchResLink(TwitterGooglePO.java:24)
at pom.TwitterGooglePO.twitterSrchResLink(TwitterGooglePO.java:24)
at pom.TwitterGooglePO.twitterSrchResLink(TwitterGooglePO.java:24)
at pom.TwitterGooglePO.twitterSrchResLink(TwitterGooglePO.java:24)
at pom.TwitterGooglePO.twitterSrchResLink(TwitterGooglePO.java:24)
at pom.TwitterGooglePO.twitterSrchResLink(TwitterGooglePO.java:24)
at pom.TwitterGooglePO.twitterSrchResLink(TwitterGooglePO.java:24)
at pom.TwitterGooglePO.twitterSrchResLink(TwitterGooglePO.java:24)
at pom.TwitterGooglePO.twitterSrchResLink(TwitterGooglePO.java:24)
at pom.TwitterGooglePO.twitterSrchResLink(TwitterGooglePO.java:24)
at pom.TwitterGooglePO.twitterSrchResLink(TwitterGooglePO.java:24)
at pom.TwitterGooglePO.twitterSrchResLink(TwitterGooglePO.java:24)
at pom.TwitterGooglePO.twitterSrchResLink(TwitterGooglePO.java:24)
at pom.TwitterGooglePO.twitterSrchResLink(TwitterGooglePO.java:24)
at pom.TwitterGooglePO.twitterSrchResLink(TwitterGooglePO.java:24)
at pom.TwitterGooglePO.twitterSrchResLink(TwitterGooglePO.java:24)
at pom.TwitterGooglePO.twitterSrchResLink(TwitterGooglePO.java:24)
at pom.TwitterGooglePO.twitterSrchResLink(TwitterGooglePO.java:24)
at pom.TwitterGooglePO.twitterSrchResLink(TwitterGooglePO.java:24)
at pom.TwitterGooglePO.twitterSrchResLink(TwitterGooglePO.java:24)
at pom.TwitterGooglePO.twitterSrchResLink(TwitterGooglePO.java:24)
at pom.TwitterGooglePO.twitterSrchResLink(TwitterGooglePO.java:24)
at pom.TwitterGooglePO.twitterSrchResLink(TwitterGooglePO.java:24)
at pom.TwitterGooglePO.twitterSrchResLink(TwitterGooglePO.java:24)
at pom.TwitterGooglePO.twitterSrchResLink(TwitterGooglePO.java:24)
at pom.TwitterGooglePO.twitterSrchResLink(TwitterGooglePO.java:24)
at pom.TwitterGooglePO.twitterSrchResLink(TwitterGooglePO.java:24)
at pom.TwitterGooglePO.twitterSrchResLink(TwitterGooglePO.java:24)
at pom.TwitterGooglePO.twitterSrchResLink(TwitterGooglePO.java:24)
at pom.TwitterGooglePO.twitterSrchResLink(TwitterGooglePO.java:24)
at pom.TwitterGooglePO.twitterSrchResLink(TwitterGooglePO.java:24)
at pom.TwitterGooglePO.twitterSrchResLink(TwitterGooglePO.java:24)
at pom.TwitterGooglePO.twitterSrchResLink(TwitterGooglePO.java:24)
at pom.TwitterGooglePO.twitterSrchResLink(TwitterGooglePO.java:24)
at pom.TwitterGooglePO.twitterSrchResLink(TwitterGooglePO.java:24)
at pom.TwitterGooglePO.twitterSrchResLink(TwitterGooglePO.java:24)
at pom.TwitterGooglePO.twitterSrchResLink(TwitterGooglePO.java:24)
at pom.TwitterGooglePO.twitterSrchResLink(TwitterGooglePO.java:24)
at pom.TwitterGooglePO.twitterSrchResLink(TwitterGooglePO.java:24)
at pom.TwitterGooglePO.twitterSrchResLink(TwitterGooglePO.java:24)
at pom.TwitterGooglePO.twitterSrchResLink(TwitterGooglePO.java:24)
at pom.TwitterGooglePO.twitterSrchResLink(TwitterGooglePO.java:24)
at pom.TwitterGooglePO.twitterSrchResLink(TwitterGooglePO.java:24)
at pom.TwitterGooglePO.twitterSrchResLink(TwitterGooglePO.java:24)
at pom.TwitterGooglePO.twitterSrchResLink(TwitterGooglePO.java:24)
at pom.TwitterGooglePO.twitterSrchResLink(TwitterGooglePO.java:24)
at pom.TwitterGooglePO.twitterSrchResLink(TwitterGooglePO.java:24)
at pom.TwitterGooglePO.twitterSrchResLink(TwitterGooglePO.java:24)
at pom.TwitterGooglePO.twitterSrchResLink(TwitterGooglePO.java:24)
at pom.TwitterGooglePO.twitterSrchResLink(TwitterGooglePO.java:24)
at pom.TwitterGooglePO.twitterSrchResLink(TwitterGooglePO.java:24)
at pom.TwitterGooglePO.twitterSrchResLink(TwitterGooglePO.java:24)
at pom.TwitterGooglePO.twitterSrchResLink(TwitterGooglePO.java:24)
at pom.TwitterGooglePO.twitterSrchResLink(TwitterGooglePO.java:24)
at pom.TwitterGooglePO.twitterSrchResLink(TwitterGooglePO.java:24)
at pom.TwitterGooglePO.twitterSrchResLink(TwitterGooglePO.java:24)
at pom.TwitterGooglePO.twitterSrchResLink(TwitterGooglePO.java:24)
at pom.TwitterGooglePO.twitterSrchResLink(TwitterGooglePO.java:24)
at pom.TwitterGooglePO.twitterSrchResLink(TwitterGooglePO.java:24)
at pom.TwitterGooglePO.twitterSrchResLink(TwitterGooglePO.java:24)
at pom.TwitterGooglePO.twitterSrchResLink(TwitterGooglePO.java:24)
at pom.TwitterGooglePO.twitterSrchResLink(TwitterGooglePO.java:24)
at pom.TwitterGooglePO.twitterSrchResLink(TwitterGooglePO.java:24)
at pom.TwitterGooglePO.twitterSrchResLink(TwitterGooglePO.java:24)
at pom.TwitterGooglePO.twitterSrchResLink(TwitterGooglePO.java:24)
at pom.TwitterGooglePO.twitterSrchResLink(TwitterGooglePO.java:24)
at pom.TwitterGooglePO.twitterSrchResLink(TwitterGooglePO.java:24)
at pom.TwitterGooglePO.twitterSrchResLink(TwitterGooglePO.java:24)
at pom.TwitterGooglePO.twitterSrchResLink(TwitterGooglePO.java:24)
at pom.TwitterGooglePO.twitterSrchResLink(TwitterGooglePO.java:24)
at pom.TwitterGooglePO.twitterSrchResLink(TwitterGooglePO.java:24)
at pom.TwitterGooglePO.twitterSrchResLink(TwitterGooglePO.java:24)
at pom.TwitterGooglePO.twitterSrchResLink(TwitterGooglePO.java:24)
at pom.TwitterGooglePO.twitterSrchResLink(TwitterGooglePO.java:24)
at pom.TwitterGooglePO.twitterSrchResLink(TwitterGooglePO.java:24)
at pom.TwitterGooglePO.twitterSrchResLink(TwitterGooglePO.java:24)
at pom.TwitterGooglePO.twitterSrchResLink(TwitterGooglePO.java:24)
at pom.TwitterGooglePO.twitterSrchResLink(TwitterGooglePO.java:24)
at pom.TwitterGooglePO.twitterSrchResLink(TwitterGooglePO.java:24)
at pom.TwitterGooglePO.twitterSrchResLink(TwitterGooglePO.java:24)
at pom.TwitterGooglePO.twitterSrchResLink(TwitterGooglePO.java:24)
at pom.TwitterGooglePO.twitterSrchResLink(TwitterGooglePO.java:24)
at pom.TwitterGooglePO.twitterSrchResLink(TwitterGooglePO.java:24)
at pom.TwitterGooglePO.twitterSrchResLink(TwitterGooglePO.java:24)
at pom.TwitterGooglePO.twitterSrchResLink(TwitterGooglePO.java:24)
at pom.TwitterGooglePO.twitterSrchResLink(TwitterGooglePO.java:24)
at pom.TwitterGooglePO.twitterSrchResLink(TwitterGooglePO.java:24)
at pom.TwitterGooglePO.twitterSrchResLink(TwitterGooglePO.java:24)
at pom.TwitterGooglePO.twitterSrchResLink(TwitterGooglePO.java:24)
at pom.TwitterGooglePO.twitterSrchResLink(TwitterGooglePO.java:24)
at pom.TwitterGooglePO.twitterSrchResLink(TwitterGooglePO.java:24)
at pom.TwitterGooglePO.twitterSrchResLink(TwitterGooglePO.java:24)
at pom.TwitterGooglePO.twitterSrchResLink(TwitterGooglePO.java:24)
at pom.TwitterGooglePO.twitterSrchResLink(TwitterGooglePO.java:24)
at pom.TwitterGooglePO.twitterSrchResLink(TwitterGooglePO.java:24)
at pom.TwitterGooglePO.twitterSrchResLink(TwitterGooglePO.java:24)
at pom.TwitterGooglePO.twitterSrchResLink(TwitterGooglePO.java:24)
at pom.TwitterGooglePO.twitterSrchResLink(TwitterGooglePO.java:24)
at pom.TwitterGooglePO.twitterSrchResLink(TwitterGooglePO.java:24)
at pom.TwitterGooglePO.twitterSrchResLink(TwitterGooglePO.java:24)
at pom.TwitterGooglePO.twitterSrchResLink(TwitterGooglePO.java:24)
at pom.TwitterGooglePO.twitterSrchResLink(TwitterGooglePO.java:24)
at pom.TwitterGooglePO.twitterSrchResLink(TwitterGooglePO.java:24)
at pom.TwitterGooglePO.twitterSrchResLink(TwitterGooglePO.java:24)
at pom.TwitterGooglePO.twitterSrchResLink(TwitterGooglePO.java:24)
at pom.TwitterGooglePO.twitterSrchResLink(TwitterGooglePO.java:24)
at pom.TwitterGooglePO.twitterSrchResLink(TwitterGooglePO.java:24)
at pom.TwitterGooglePO.twitterSrchResLink(TwitterGooglePO.java:24)
at pom.TwitterGooglePO.twitterSrchResLink(TwitterGooglePO.java:24)
at pom.TwitterGooglePO.twitterSrchResLink(TwitterGooglePO.java:24)
at pom.TwitterGooglePO.twitterSrchResLink(TwitterGooglePO.java:24)
at pom.TwitterGooglePO.twitterSrchResLink(TwitterGooglePO.java:24)
at pom.TwitterGooglePO.twitterSrchResLink(TwitterGooglePO.java:24)
at pom.TwitterGooglePO.twitterSrchResLink(TwitterGooglePO.java:24)
at pom.TwitterGooglePO.twitterSrchResLink(TwitterGooglePO.java:24)
at pom.TwitterGooglePO.twitterSrchResLink(TwitterGooglePO.java:24)
at pom.TwitterGooglePO.twitterSrchResLink(TwitterGooglePO.java:24)
at pom.TwitterGooglePO.twitterSrchResLink(TwitterGooglePO.java:24)
at pom.TwitterGooglePO.twitterSrchResLink(TwitterGooglePO.java:24)
at pom.TwitterGooglePO.twitterSrchResLink(TwitterGooglePO.java:24)
at pom.TwitterGooglePO.twitterSrchResLink(TwitterGooglePO.java:24)
at pom.TwitterGooglePO.twitterSrchResLink(TwitterGooglePO.java:24)
at pom.TwitterGooglePO.twitterSrchResLink(TwitterGooglePO.java:24)
at pom.TwitterGooglePO.twitterSrchResLink(TwitterGooglePO.java:24)
at pom.TwitterGooglePO.twitterSrchResLink(TwitterGooglePO.java:24)
at pom.TwitterGooglePO.twitterSrchResLink(TwitterGooglePO.java:24)
at pom.TwitterGooglePO.twitterSrchResLink(TwitterGooglePO.java:24)
at pom.TwitterGooglePO.twitterSrchResLink(TwitterGooglePO.java:24)
at pom.TwitterGooglePO.twitterSrchResLink(TwitterGooglePO.java:24)
at pom.TwitterGooglePO.twitterSrchResLink(TwitterGooglePO.java:24)
at pom.TwitterGooglePO.twitterSrchResLink(TwitterGooglePO.java:24)
at pom.TwitterGooglePO.twitterSrchResLink(TwitterGooglePO.java:24)
at pom.TwitterGooglePO.twitterSrchResLink(TwitterGooglePO.java:24)
at pom.TwitterGooglePO.twitterSrchResLink(TwitterGooglePO.java:24)
at pom.TwitterGooglePO.twitterSrchResLink(TwitterGooglePO.java:24)
at pom.TwitterGooglePO.twitterSrchResLink(TwitterGooglePO.java:24)
at pom.TwitterGooglePO.twitterSrchResLink(TwitterGooglePO.java:24)
at pom.TwitterGooglePO.twitterSrchResLink(TwitterGooglePO.java:24)
at pom.TwitterGooglePO.twitterSrchResLink(TwitterGooglePO.java:24)
at pom.TwitterGooglePO.twitterSrchResLink(TwitterGooglePO.java:24)
at pom.TwitterGooglePO.twitterSrchResLink(TwitterGooglePO.java:24)
at pom.TwitterGooglePO.twitterSrchResLink(TwitterGooglePO.java:24)
at pom.TwitterGooglePO.twitterSrchResLink(TwitterGooglePO.java:24)
at pom.TwitterGooglePO.twitterSrchResLink(TwitterGooglePO.java:24)
at pom.TwitterGooglePO.twitterSrchResLink(TwitterGooglePO.java:24)
at pom.TwitterGooglePO.twitterSrchResLink(TwitterGooglePO.java:24)
at pom.TwitterGooglePO.twitterSrchResLink(TwitterGooglePO.java:24)
at pom.TwitterGooglePO.twitterSrchResLink(TwitterGooglePO.java:24)
at pom.TwitterGooglePO.twitterSrchResLink(TwitterGooglePO.java:24)
at pom.TwitterGooglePO.twitterSrchResLink(TwitterGooglePO.java:24)
at pom.TwitterGooglePO.twitterSrchResLink(TwitterGooglePO.java:24)
at pom.TwitterGooglePO.twitterSrchResLink(TwitterGooglePO.java:24)
at pom.TwitterGooglePO.twitterSrchResLink(TwitterGooglePO.java:24)
at pom.TwitterGooglePO.twitterSrchResLink(TwitterGooglePO.java:24)
at pom.TwitterGooglePO.twitterSrchResLink(TwitterGooglePO.java:24)
at pom.TwitterGooglePO.twitterSrchResLink(TwitterGooglePO.java:24)
at pom.TwitterGooglePO.twitterSrchResLink(TwitterGooglePO.java:24)
at pom.TwitterGooglePO.twitterSrchResLink(TwitterGooglePO.java:24)
at pom.TwitterGooglePO.twitterSrchResLink(TwitterGooglePO.java:24)
at pom.TwitterGooglePO.twitterSrchResLink(TwitterGooglePO.java:24)
at pom.TwitterGooglePO.twitterSrchResLink(TwitterGooglePO.java:24)
at pom.TwitterGooglePO.twitterSrchResLink(TwitterGooglePO.java:24)
at pom.TwitterGooglePO.twitterSrchResLink(TwitterGooglePO.java:24)
at pom.TwitterGooglePO.twitterSrchResLink(TwitterGooglePO.java:24)
at pom.TwitterGooglePO.twitterSrchResLink(TwitterGooglePO.java:24)
at pom.TwitterGooglePO.twitterSrchResLink(TwitterGooglePO.java:24)
at pom.TwitterGooglePO.twitterSrchResLink(TwitterGooglePO.java:24)
at pom.TwitterGooglePO.twitterSrchResLink(TwitterGooglePO.java:24)
at pom.TwitterGooglePO.twitterSrchResLink(TwitterGooglePO.java:24)
at pom.TwitterGooglePO.twitterSrchResLink(TwitterGooglePO.java:24)
at pom.TwitterGooglePO.twitterSrchResLink(TwitterGooglePO.java:24)
at pom.TwitterGooglePO.twitterSrchResLink(TwitterGooglePO.java:24)
at pom.TwitterGooglePO.twitterSrchResLink(TwitterGooglePO.java:24)
at pom.TwitterGooglePO.twitterSrchResLink(TwitterGooglePO.java:24)
at pom.TwitterGooglePO.twitterSrchResLink(TwitterGooglePO.java:24)
at pom.TwitterGooglePO.twitterSrchResLink(TwitterGooglePO.java:24)
at pom.TwitterGooglePO.twitterSrchResLink(TwitterGooglePO.java:24)
at pom.TwitterGooglePO.twitterSrchResLink(TwitterGooglePO.java:24)
at pom.TwitterGooglePO.twitterSrchResLink(TwitterGooglePO.java:24)
at pom.TwitterGooglePO.twitterSrchResLink(TwitterGooglePO.java:24)
at pom.TwitterGooglePO.twitterSrchResLink(TwitterGooglePO.java:24)
at pom.TwitterGooglePO.twitterSrchResLink(TwitterGooglePO.java:24)
at pom.TwitterGooglePO.twitterSrchResLink(TwitterGooglePO.java:24)
at pom.TwitterGooglePO.twitterSrchResLink(TwitterGooglePO.java:24)
at pom.TwitterGooglePO.twitterSrchResLink(TwitterGooglePO.java:24)
at pom.TwitterGooglePO.twitterSrchResLink(TwitterGooglePO.java:24)
at pom.TwitterGooglePO.twitterSrchResLink(TwitterGooglePO.java:24)
at pom.TwitterGooglePO.twitterSrchResLink(TwitterGooglePO.java:24)
at pom.TwitterGooglePO.twitterSrchResLink(TwitterGooglePO.java:24)
at pom.TwitterGooglePO.twitterSrchResLink(TwitterGooglePO.java:24)
at pom.TwitterGooglePO.twitterSrchResLink(TwitterGooglePO.java:24)
at pom.TwitterGooglePO.twitterSrchResLink(TwitterGooglePO.java:24)
at pom.TwitterGooglePO.twitterSrchResLink(TwitterGooglePO.java:24)
at pom.TwitterGooglePO.twitterSrchResLink(TwitterGooglePO.java:24)
at pom.TwitterGooglePO.twitterSrchResLink(TwitterGooglePO.java:24)
at pom.TwitterGooglePO.twitterSrchResLink(TwitterGooglePO.java:24)
at pom.TwitterGooglePO.twitterSrchResLink(TwitterGooglePO.java:24)
at pom.TwitterGooglePO.twitterSrchResLink(TwitterGooglePO.java:24)
at pom.TwitterGooglePO.twitterSrchResLink(TwitterGooglePO.java:24)
at pom.TwitterGooglePO.twitterSrchResLink(TwitterGooglePO.java:24)
at pom.TwitterGooglePO.twitterSrchResLink(TwitterGooglePO.java:24)
at pom.TwitterGooglePO.twitterSrchResLink(TwitterGooglePO.java:24)
at pom.TwitterGooglePO.twitterSrchResLink(TwitterGooglePO.java:24)
at pom.TwitterGooglePO.twitterSrchResLink(TwitterGooglePO.java:24)
at pom.TwitterGooglePO.twitterSrchResLink(TwitterGooglePO.java:24)
at pom.TwitterGooglePO.twitterSrchResLink(TwitterGooglePO.java:24)
at pom.TwitterGooglePO.twitterSrchResLink(TwitterGooglePO.java:24)
at pom.TwitterGooglePO.twitterSrchResLink(TwitterGooglePO.java:24)
at pom.TwitterGooglePO.twitterSrchResLink(TwitterGooglePO.java:24)
at pom.TwitterGooglePO.twitterSrchResLink(TwitterGooglePO.java:24)
at pom.TwitterGooglePO.twitterSrchResLink(TwitterGooglePO.java:24)
at pom.TwitterGooglePO.twitterSrchResLink(TwitterGooglePO.java:24)
at pom.TwitterGooglePO.twitterSrchResLink(TwitterGooglePO.java:24)
at pom.TwitterGooglePO.twitterSrchResLink(TwitterGooglePO.java:24)
at pom.TwitterGooglePO.twitterSrchResLink(TwitterGooglePO.java:24)
at pom.TwitterGooglePO.twitterSrchResLink(TwitterGooglePO.java:24)
at pom.TwitterGooglePO.twitterSrchResLink(TwitterGooglePO.java:24)
at pom.TwitterGooglePO.twitterSrchResLink(TwitterGooglePO.java:24)
at pom.TwitterGooglePO.twitterSrchResLink(TwitterGooglePO.java:24)
at pom.TwitterGooglePO.twitterSrchResLink(TwitterGooglePO.java:24)
at pom.TwitterGooglePO.twitterSrchResLink(TwitterGooglePO.java:24)
at pom.TwitterGooglePO.twitterSrchResLink(TwitterGooglePO.java:24)
at pom.TwitterGooglePO.twitterSrchResLink(TwitterGooglePO.java:24)
at pom.TwitterGooglePO.twitterSrchResLink(TwitterGooglePO.java:24)
at pom.TwitterGooglePO.twitterSrchResLink(TwitterGooglePO.java:24)
at pom.TwitterGooglePO.twitterSrchResLink(TwitterGooglePO.java:24)
at pom.TwitterGooglePO.twitterSrchResLink(TwitterGooglePO.java:24)
at pom.TwitterGooglePO.twitterSrchResLink(TwitterGooglePO.java:24)
at pom.TwitterGooglePO.twitterSrchResLink(TwitterGooglePO.java:24)
at pom.TwitterGooglePO.twitterSrchResLink(TwitterGooglePO.java:24)
at pom.TwitterGooglePO.twitterSrchResLink(TwitterGooglePO.java:24)
at pom.TwitterGooglePO.twitterSrchResLink(TwitterGooglePO.java:24)
at pom.TwitterGooglePO.twitterSrchResLink(TwitterGooglePO.java:24)
at pom.TwitterGooglePO.twitterSrchResLink(TwitterGooglePO.java:24)
at pom.TwitterGooglePO.twitterSrchResLink(TwitterGooglePO.java:24)
at pom.TwitterGooglePO.twitterSrchResLink(TwitterGooglePO.java:24)
at pom.TwitterGooglePO.twitterSrchResLink(TwitterGooglePO.java:24)
at pom.TwitterGooglePO.twitterSrchResLink(TwitterGooglePO.java:24)
at pom.TwitterGooglePO.twitterSrchResLink(TwitterGooglePO.java:24)
at pom.TwitterGooglePO.twitterSrchResLink(TwitterGooglePO.java:24)
at pom.TwitterGooglePO.twitterSrchResLink(TwitterGooglePO.java:24)
at pom.TwitterGooglePO.twitterSrchResLink(TwitterGooglePO.java:24)
at pom.TwitterGooglePO.twitterSrchResLink(TwitterGooglePO.java:24)
at pom.TwitterGooglePO.twitterSrchResLink(TwitterGooglePO.java:24)
at pom.TwitterGooglePO.twitterSrchResLink(TwitterGooglePO.java:24)
at pom.TwitterGooglePO.twitterSrchResLink(TwitterGooglePO.java:24)
at pom.TwitterGooglePO.twitterSrchResLink(TwitterGooglePO.java:24)
at pom.TwitterGooglePO.twitterSrchResLink(TwitterGooglePO.java:24)
at pom.TwitterGooglePO.twitterSrchResLink(TwitterGooglePO.java:24)
at pom.TwitterGooglePO.twitterSrchResLink(TwitterGooglePO.java:24)
at pom.TwitterGooglePO.twitterSrchResLink(TwitterGooglePO.java:24)
at pom.TwitterGooglePO.twitterSrchResLink(TwitterGooglePO.java:24)
at pom.TwitterGooglePO.twitterSrchResLink(TwitterGooglePO.java:24)
at pom.TwitterGooglePO.twitterSrchResLink(TwitterGooglePO.java:24)
at pom.TwitterGooglePO.twitterSrchResLink(TwitterGooglePO.java:24)
at pom.TwitterGooglePO.twitterSrchResLink(TwitterGooglePO.java:24)
at pom.TwitterGooglePO.twitterSrchResLink(TwitterGooglePO.java:24)
at pom.TwitterGooglePO.twitterSrchResLink(TwitterGooglePO.java:24)
at pom.TwitterGooglePO.twitterSrchResLink(TwitterGooglePO.java:24)
at pom.TwitterGooglePO.twitterSrchResLink(TwitterGooglePO.java:24)
at pom.TwitterGooglePO.twitterSrchResLink(TwitterGooglePO.java:24)
at pom.TwitterGooglePO.twitterSrchResLink(TwitterGooglePO.java:24)
at pom.TwitterGooglePO.twitterSrchResLink(TwitterGooglePO.java:24)
at pom.TwitterGooglePO.twitterSrchResLink(TwitterGooglePO.java:24)
at pom.TwitterGooglePO.twitterSrchResLink(TwitterGooglePO.java:24)
at pom.TwitterGooglePO.twitterSrchResLink(TwitterGooglePO.java:24)
at pom.TwitterGooglePO.twitterSrchResLink(TwitterGooglePO.java:24)
at pom.TwitterGooglePO.twitterSrchResLink(TwitterGooglePO.java:24)
at pom.TwitterGooglePO.twitterSrchResLink(TwitterGooglePO.java:24)
at pom.TwitterGooglePO.twitterSrchResLink(TwitterGooglePO.java:24)
at pom.TwitterGooglePO.twitterSrchResLink(TwitterGooglePO.java:24)
at pom.TwitterGooglePO.twitterSrchResLink(TwitterGooglePO.java:24)
at pom.TwitterGooglePO.twitterSrchResLink(TwitterGooglePO.java:24)
at pom.TwitterGooglePO.twitterSrchResLink(TwitterGooglePO.java:24)
at pom.TwitterGooglePO.twitterSrchResLink(TwitterGooglePO.java:24)
at pom.TwitterGooglePO.twitterSrchResLink(TwitterGooglePO.java:24)
at pom.TwitterGooglePO.twitterSrchResLink(TwitterGooglePO.java:24)
at pom.TwitterGooglePO.twitterSrchResLink(TwitterGooglePO.java:24)
at pom.TwitterGooglePO.twitterSrchResLink(TwitterGooglePO.java:24)
at pom.TwitterGooglePO.twitterSrchResLink(TwitterGooglePO.java:24)
at pom.TwitterGooglePO.twitterSrchResLink(TwitterGooglePO.java:24)
at pom.TwitterGooglePO.twitterSrchResLink(TwitterGooglePO.java:24)
at pom.TwitterGooglePO.twitterSrchResLink(TwitterGooglePO.java:24)
at pom.TwitterGooglePO.twitterSrchResLink(TwitterGooglePO.java:24)
at pom.TwitterGooglePO.twitterSrchResLink(TwitterGooglePO.java:24)
at pom.TwitterGooglePO.twitterSrchResLink(TwitterGooglePO.java:24)
at pom.TwitterGooglePO.twitterSrchResLink(TwitterGooglePO.java:24)
at pom.TwitterGooglePO.twitterSrchResLink(TwitterGooglePO.java:24)
at pom.TwitterGooglePO.twitterSrchResLink(TwitterGooglePO.java:24)
at pom.TwitterGooglePO.twitterSrchResLink(TwitterGooglePO.java:24)
at pom.TwitterGooglePO.twitterSrchResLink(TwitterGooglePO.java:24)
at pom.TwitterGooglePO.twitterSrchResLink(TwitterGooglePO.java:24)
at pom.TwitterGooglePO.twitterSrchResLink(TwitterGooglePO.java:24)
at pom.TwitterGooglePO.twitterSrchResLink(TwitterGooglePO.java:24)
at pom.TwitterGooglePO.twitterSrchResLink(TwitterGooglePO.java:24)
at pom.TwitterGooglePO.twitterSrchResLink(TwitterGooglePO.java:24)
at pom.TwitterGooglePO.twitterSrchResLink(TwitterGooglePO.java:24)
at pom.TwitterGooglePO.twitterSrchResLink(TwitterGooglePO.java:24)
at pom.TwitterGooglePO.twitterSrchResLink(TwitterGooglePO.java:24)
at pom.TwitterGooglePO.twitterSrchResLink(TwitterGooglePO.java:24)
at pom.TwitterGooglePO.twitterSrchResLink(TwitterGooglePO.java:24)
at pom.TwitterGooglePO.twitterSrchResLink(TwitterGooglePO.java:24)
at pom.TwitterGooglePO.twitterSrchResLink(TwitterGooglePO.java:24)
at pom.TwitterGooglePO.twitterSrchResLink(TwitterGooglePO.java:24)
at pom.TwitterGooglePO.twitterSrchResLink(TwitterGooglePO.java:24)
at pom.TwitterGooglePO.twitterSrchResLink(TwitterGooglePO.java:24)
at pom.TwitterGooglePO.twitterSrchResLink(TwitterGooglePO.java:24)
at pom.TwitterGooglePO.twitterSrchResLink(TwitterGooglePO.java:24)
at pom.TwitterGooglePO.twitterSrchResLink(TwitterGooglePO.java:24)
at pom.TwitterGooglePO.twitterSrchResLink(TwitterGooglePO.java:24)
at pom.TwitterGooglePO.twitterSrchResLink(TwitterGooglePO.java:24)
at pom.TwitterGooglePO.twitterSrchResLink(TwitterGooglePO.java:24)
at pom.TwitterGooglePO.twitterSrchResLink(TwitterGooglePO.java:24)
at pom.TwitterGooglePO.twitterSrchResLink(TwitterGooglePO.java:24)
at pom.TwitterGooglePO.twitterSrchResLink(TwitterGooglePO.java:24)
at pom.TwitterGooglePO.twitterSrchResLink(TwitterGooglePO.java:24)
at pom.TwitterGooglePO.twitterSrchResLink(TwitterGooglePO.java:24)
at pom.TwitterGooglePO.twitterSrchResLink(TwitterGooglePO.java:24)
at pom.TwitterGooglePO.twitterSrchResLink(TwitterGooglePO.java:24)
at pom.TwitterGooglePO.twitterSrchResLink(TwitterGooglePO.java:24)
at pom.TwitterGooglePO.twitterSrchResLink(TwitterGooglePO.java:24)
at pom.TwitterGooglePO.twitterSrchResLink(TwitterGooglePO.java:24)
at pom.TwitterGooglePO.twitterSrchResLink(TwitterGooglePO.java:24)
at pom.TwitterGooglePO.twitterSrchResLink(TwitterGooglePO.java:24)
at pom.TwitterGooglePO.twitterSrchResLink(TwitterGooglePO.java:24)
at pom.TwitterGooglePO.twitterSrchResLink(TwitterGooglePO.java:24)
at pom.TwitterGooglePO.twitterSrchResLink(TwitterGooglePO.java:24)
at pom.TwitterGooglePO.twitterSrchResLink(TwitterGooglePO.java:24)
at pom.TwitterGooglePO.twitterSrchResLink(TwitterGooglePO.java:24)
at pom.TwitterGooglePO.twitterSrchResLink(TwitterGooglePO.java:24)
at pom.TwitterGooglePO.twitterSrchResLink(TwitterGooglePO.java:24)
at pom.TwitterGooglePO.twitterSrchResLink(TwitterGooglePO.java:24)
at pom.TwitterGooglePO.twitterSrchResLink(TwitterGooglePO.java:24)
at pom.TwitterGooglePO.twitterSrchResLink(TwitterGooglePO.java:24)
at pom.TwitterGooglePO.twitterSrchResLink(TwitterGooglePO.java:24)
at pom.TwitterGooglePO.twitterSrchResLink(TwitterGooglePO.java:24)
at pom.TwitterGooglePO.twitterSrchResLink(TwitterGooglePO.java:24)
at pom.TwitterGooglePO.twitterSrchResLink(TwitterGooglePO.java:24)
at pom.TwitterGooglePO.twitterSrchResLink(TwitterGooglePO.java:24)
at pom.TwitterGooglePO.twitterSrchResLink(TwitterGooglePO.java:24)
at pom.TwitterGooglePO.twitterSrchResLink(TwitterGooglePO.java:24)
at pom.TwitterGooglePO.twitterSrchResLink(TwitterGooglePO.java:24)
at pom.TwitterGooglePO.twitterSrchResLink(TwitterGooglePO.java:24)
at pom.TwitterGooglePO.twitterSrchResLink(TwitterGooglePO.java:24)
at pom.TwitterGooglePO.twitterSrchResLink(TwitterGooglePO.java:24)
at pom.TwitterGooglePO.twitterSrchResLink(TwitterGooglePO.java:24)
at pom.TwitterGooglePO.twitterSrchResLink(TwitterGooglePO.java:24)
at pom.TwitterGooglePO.twitterSrchResLink(TwitterGooglePO.java:24)
at pom.TwitterGooglePO.twitterSrchResLink(TwitterGooglePO.java:24)
at pom.TwitterGooglePO.twitterSrchResLink(TwitterGooglePO.java:24)
at pom.TwitterGooglePO.twitterSrchResLink(TwitterGooglePO.java:24)
at pom.TwitterGooglePO.twitterSrchResLink(TwitterGooglePO.java:24)
at pom.TwitterGooglePO.twitterSrchResLink(TwitterGooglePO.java:24)
at pom.TwitterGooglePO.twitterSrchResLink(TwitterGooglePO.java:24)
at pom.TwitterGooglePO.twitterSrchResLink(TwitterGooglePO.java:24)
at pom.TwitterGooglePO.twitterSrchResLink(TwitterGooglePO.java:24)
at pom.TwitterGooglePO.twitterSrchResLink(TwitterGooglePO.java:24)
at pom.TwitterGooglePO.twitterSrchResLink(TwitterGooglePO.java:24)
at pom.TwitterGooglePO.twitterSrchResLink(TwitterGooglePO.java:24)
at pom.TwitterGooglePO.twitterSrchResLink(TwitterGooglePO.java:24)
at pom.TwitterGooglePO.twitterSrchResLink(TwitterGooglePO.java:24)
at pom.TwitterGooglePO.twitterSrchResLink(TwitterGooglePO.java:24)
at pom.TwitterGooglePO.twitterSrchResLink(TwitterGooglePO.java:24)
at pom.TwitterGooglePO.twitterSrchResLink(TwitterGooglePO.java:24)
at pom.TwitterGooglePO.twitterSrchResLink(TwitterGooglePO.java:24)
at pom.TwitterGooglePO.twitterSrchResLink(TwitterGooglePO.java:24)
at pom.TwitterGooglePO.twitterSrchResLink(TwitterGooglePO.java:24)
at pom.TwitterGooglePO.twitterSrchResLink(TwitterGooglePO.java:24)
at pom.TwitterGooglePO.twitterSrchResLink(TwitterGooglePO.java:24)
at pom.TwitterGooglePO.twitterSrchResLink(TwitterGooglePO.java:24)
at pom.TwitterGooglePO.twitterSrchResLink(TwitterGooglePO.java:24)
at pom.TwitterGooglePO.twitterSrchResLink(TwitterGooglePO.java:24)
at pom.TwitterGooglePO.twitterSrchResLink(TwitterGooglePO.java:24)
at pom.TwitterGooglePO.twitterSrchResLink(TwitterGooglePO.java:24)
at pom.TwitterGooglePO.twitterSrchResLink(TwitterGooglePO.java:24)
at pom.TwitterGooglePO.twitterSrchResLink(TwitterGooglePO.java:24)
at pom.TwitterGooglePO.twitterSrchResLink(TwitterGooglePO.java:24)
at pom.TwitterGooglePO.twitterSrchResLink(TwitterGooglePO.java:24)
at pom.TwitterGooglePO.twitterSrchResLink(TwitterGooglePO.java:24)
at pom.TwitterGooglePO.twitterSrchResLink(TwitterGooglePO.java:24)
at pom.TwitterGooglePO.twitterSrchResLink(TwitterGooglePO.java:24)
at pom.TwitterGooglePO.twitterSrchResLink(TwitterGooglePO.java:24)
at pom.TwitterGooglePO.twitterSrchResLink(TwitterGooglePO.java:24)
at pom.TwitterGooglePO.twitterSrchResLink(TwitterGooglePO.java:24)
at pom.TwitterGooglePO.twitterSrchResLink(TwitterGooglePO.java:24)
at pom.TwitterGooglePO.twitterSrchResLink(TwitterGooglePO.java:24)
at pom.TwitterGooglePO.twitterSrchResLink(TwitterGooglePO.java:24)
at pom.TwitterGooglePO.twitterSrchResLink(TwitterGooglePO.java:24)
at pom.TwitterGooglePO.twitterSrchResLink(TwitterGooglePO.java:24)
at pom.TwitterGooglePO.twitterSrchResLink(TwitterGooglePO.java:24)
at pom.TwitterGooglePO.twitterSrchResLink(TwitterGooglePO.java:24)
at pom.TwitterGooglePO.twitterSrchResLink(TwitterGooglePO.java:24)
at pom.TwitterGooglePO.twitterSrchResLink(TwitterGooglePO.java:24)
at pom.TwitterGooglePO.twitterSrchResLink(TwitterGooglePO.java:24)
at pom.TwitterGooglePO.twitterSrchResLink(TwitterGooglePO.java:24)
at pom.TwitterGooglePO.twitterSrchResLink(TwitterGooglePO.java:24)
at pom.TwitterGooglePO.twitterSrchResLink(TwitterGooglePO.java:24)
at pom.TwitterGooglePO.twitterSrchResLink(TwitterGooglePO.java:24)
at pom.TwitterGooglePO.twitterSrchResLink(TwitterGooglePO.java:24)
at pom.TwitterGooglePO.twitterSrchResLink(TwitterGooglePO.java:24)
at pom.TwitterGooglePO.twitterSrchResLink(TwitterGooglePO.java:24)
at pom.TwitterGooglePO.twitterSrchResLink(TwitterGooglePO.java:24)
at pom.TwitterGooglePO.twitterSrchResLink(TwitterGooglePO.java:24)
at pom.TwitterGooglePO.twitterSrchResLink(TwitterGooglePO.java:24)
at pom.TwitterGooglePO.twitterSrchResLink(TwitterGooglePO.java:24)
at pom.TwitterGooglePO.twitterSrchResLink(TwitterGooglePO.java:24)
at pom.TwitterGooglePO.twitterSrchResLink(TwitterGooglePO.java:24)
at pom.TwitterGooglePO.twitterSrchResLink(TwitterGooglePO.java:24)
at pom.TwitterGooglePO.twitterSrchResLink(TwitterGooglePO.java:24)
at pom.TwitterGooglePO.twitterSrchResLink(TwitterGooglePO.java:24)
at pom.TwitterGooglePO.twitterSrchResLink(TwitterGooglePO.java:24)
at pom.TwitterGooglePO.twitterSrchResLink(TwitterGooglePO.java:24)
at pom.TwitterGooglePO.twitterSrchResLink(TwitterGooglePO.java:24)
at pom.TwitterGooglePO.twitterSrchResLink(TwitterGooglePO.java:24)
at pom.TwitterGooglePO.twitterSrchResLink(TwitterGooglePO.java:24)
at pom.TwitterGooglePO.twitterSrchResLink(TwitterGooglePO.java:24)
at pom.TwitterGooglePO.twitterSrchResLink(TwitterGooglePO.java:24)
at pom.TwitterGooglePO.twitterSrchResLink(TwitterGooglePO.java:24)
at pom.TwitterGooglePO.twitterSrchResLink(TwitterGooglePO.java:24)
at pom.TwitterGooglePO.twitterSrchResLink(TwitterGooglePO.java:24)
at pom.TwitterGooglePO.twitterSrchResLink(TwitterGooglePO.java:24)
at pom.TwitterGooglePO.twitterSrchResLink(TwitterGooglePO.java:24)
at pom.TwitterGooglePO.twitterSrchResLink(TwitterGooglePO.java:24)
at pom.TwitterGooglePO.twitterSrchResLink(TwitterGooglePO.java:24)
at pom.TwitterGooglePO.twitterSrchResLink(TwitterGooglePO.java:24)
at pom.TwitterGooglePO.twitterSrchResLink(TwitterGooglePO.java:24)
at pom.TwitterGooglePO.twitterSrchResLink(TwitterGooglePO.java:24)
at pom.TwitterGooglePO.twitterSrchResLink(TwitterGooglePO.java:24)
at pom.TwitterGooglePO.twitterSrchResLink(TwitterGooglePO.java:24)
at pom.TwitterGooglePO.twitterSrchResLink(TwitterGooglePO.java:24)
at pom.TwitterGooglePO.twitterSrchResLink(TwitterGooglePO.java:24)
at pom.TwitterGooglePO.twitterSrchResLink(TwitterGooglePO.java:24)
at pom.TwitterGooglePO.twitterSrchResLink(TwitterGooglePO.java:24)
at pom.TwitterGooglePO.twitterSrchResLink(TwitterGooglePO.java:24)
at pom.TwitterGooglePO.twitterSrchResLink(TwitterGooglePO.java:24)
at pom.TwitterGooglePO.twitterSrchResLink(TwitterGooglePO.java:24)
at pom.TwitterGooglePO.twitterSrchResLink(TwitterGooglePO.java:24)
at pom.TwitterGooglePO.twitterSrchResLink(TwitterGooglePO.java:24)
at pom.TwitterGooglePO.twitterSrchResLink(TwitterGooglePO.java:24)
at pom.TwitterGooglePO.twitterSrchResLink(TwitterGooglePO.java:24)
at pom.TwitterGooglePO.twitterSrchResLink(TwitterGooglePO.java:24)
at pom.TwitterGooglePO.twitterSrchResLink(TwitterGooglePO.java:24)
at pom.TwitterGooglePO.twitterSrchResLink(TwitterGooglePO.java:24)
at pom.TwitterGooglePO.twitterSrchResLink(TwitterGooglePO.java:24)
at pom.TwitterGooglePO.twitterSrchResLink(TwitterGooglePO.java:24)
at pom.TwitterGooglePO.twitterSrchResLink(TwitterGooglePO.java:24)
at pom.TwitterGooglePO.twitterSrchResLink(TwitterGooglePO.java:24)
at pom.TwitterGooglePO.twitterSrchResLink(TwitterGooglePO.java:24)
at pom.TwitterGooglePO.twitterSrchResLink(TwitterGooglePO.java:24)
at pom.TwitterGooglePO.twitterSrchResLink(TwitterGooglePO.java:24)
at pom.TwitterGooglePO.twitterSrchResLink(TwitterGooglePO.java:24)
at pom.TwitterGooglePO.twitterSrchResLink(TwitterGooglePO.java:24)
at pom.TwitterGooglePO.twitterSrchResLink(TwitterGooglePO.java:24)
at pom.TwitterGooglePO.twitterSrchResLink(TwitterGooglePO.java:24)
at pom.TwitterGooglePO.twitterSrchResLink(TwitterGooglePO.java:24)
at pom.TwitterGooglePO.twitterSrchResLink(TwitterGooglePO.java:24)
at pom.TwitterGooglePO.twitterSrchResLink(TwitterGooglePO.java:24)
at pom.TwitterGooglePO.twitterSrchResLink(TwitterGooglePO.java:24)
at pom.TwitterGooglePO.twitterSrchResLink(TwitterGooglePO.java:24)
at pom.TwitterGooglePO.twitterSrchResLink(TwitterGooglePO.java:24)
at pom.TwitterGooglePO.twitterSrchResLink(TwitterGooglePO.java:24)
at pom.TwitterGooglePO.twitterSrchResLink(TwitterGooglePO.java:24)
at pom.TwitterGooglePO.twitterSrchResLink(TwitterGooglePO.java:24)
at pom.TwitterGooglePO.twitterSrchResLink(TwitterGooglePO.java:24)
at pom.TwitterGooglePO.twitterSrchResLink(TwitterGooglePO.java:24)
at pom.TwitterGooglePO.twitterSrchResLink(TwitterGooglePO.java:24)
at pom.TwitterGooglePO.twitterSrchResLink(TwitterGooglePO.java:24)
at pom.TwitterGooglePO.twitterSrchResLink(TwitterGooglePO.java:24)
at pom.TwitterGooglePO.twitterSrchResLink(TwitterGooglePO.java:24)
at pom.TwitterGooglePO.twitterSrchResLink(TwitterGooglePO.java:24)
at pom.TwitterGooglePO.twitterSrchResLink(TwitterGooglePO.java:24)
at pom.TwitterGooglePO.twitterSrchResLink(TwitterGooglePO.java:24)
at pom.TwitterGooglePO.twitterSrchResLink(TwitterGooglePO.java:24)
at pom.TwitterGooglePO.twitterSrchResLink(TwitterGooglePO.java:24)
at pom.TwitterGooglePO.twitterSrchResLink(TwitterGooglePO.java:24)
at pom.TwitterGooglePO.twitterSrchResLink(TwitterGooglePO.java:24)
at pom.TwitterGooglePO.twitterSrchResLink(TwitterGooglePO.java:24)
at pom.TwitterGooglePO.twitterSrchResLink(TwitterGooglePO.java:24)
at pom.TwitterGooglePO.twitterSrchResLink(TwitterGooglePO.java:24)
at pom.TwitterGooglePO.twitterSrchResLink(TwitterGooglePO.java:24)
at pom.TwitterGooglePO.twitterSrchResLink(TwitterGooglePO.java:24)
at pom.TwitterGooglePO.twitterSrchResLink(TwitterGooglePO.java:24)
at pom.TwitterGooglePO.twitterSrchResLink(TwitterGooglePO.java:24)
at pom.TwitterGooglePO.twitterSrchResLink(TwitterGooglePO.java:24)
at pom.TwitterGooglePO.twitterSrchResLink(TwitterGooglePO.java:24)
at pom.TwitterGooglePO.twitterSrchResLink(TwitterGooglePO.java:24)
at pom.TwitterGooglePO.twitterSrchResLink(TwitterGooglePO.java:24)
at pom.TwitterGooglePO.twitterSrchResLink(TwitterGooglePO.java:24)
at pom.TwitterGooglePO.twitterSrchResLink(TwitterGooglePO.java:24)
at pom.TwitterGooglePO.twitterSrchResLink(TwitterGooglePO.java:24)
at pom.TwitterGooglePO.twitterSrchResLink(TwitterGooglePO.java:24)
at pom.TwitterGooglePO.twitterSrchResLink(TwitterGooglePO.java:24)
at pom.TwitterGooglePO.twitterSrchResLink(TwitterGooglePO.java:24)
at pom.TwitterGooglePO.twitterSrchResLink(TwitterGooglePO.java:24)
]]>
    </error>
  </testcase> <!-- TwitterTest -->
</testsuite> <!-- testScript.TestTwitter -->
