<?xml version="1.0" encoding="UTF-8"?>
<!-- Generated by org.testng.reporters.JUnitReportReporter -->
<testsuite skipped="0" hostname="admin-PC" name="testScript.Test1" tests="1" failures="0" timestamp="24 Aug 2018 14:16:29 GMT" time="20.319" errors="0">
  <testcase name="facebookTest" time="20.319" classname="testScript.Test1"/>
</testsuite> <!-- testScript.Test1 -->
