<?xml version="1.0" encoding="UTF-8"?>
<!-- Generated by org.testng.reporters.JUnitReportReporter -->
<testsuite skipped="0" hostname="admin-PC" name="testScript.TestFac" tests="1" failures="0" timestamp="27 Aug 2018 12:06:10 GMT" time="20.476" errors="0">
  <testcase name="facebookTest" time="20.476" classname="testScript.TestFac"/>
</testsuite> <!-- testScript.TestFac -->
