<?xml version="1.0" encoding="UTF-8"?>
<!-- Generated by org.testng.reporters.JUnitReportReporter -->
<testsuite skipped="0" hostname="admin-PC" name="testScript.TestInsta" tests="1" failures="0" timestamp="28 Aug 2018 15:27:15 GMT" time="20.247" errors="0">
  <testcase name="InstagramTest" time="20.247" classname="testScript.TestInsta"/>
</testsuite> <!-- testScript.TestInsta -->
