<?xml version="1.0" encoding="UTF-8"?>
<!-- Generated by org.testng.reporters.JUnitReportReporter -->
<testsuite skipped="0" hostname="admin-PC" name="testScript.TestFac" tests="1" failures="0" timestamp="29 Aug 2018 03:48:39 GMT" time="19.668" errors="0">
  <testcase name="facebookTest" time="19.668" classname="testScript.TestFac"/>
</testsuite> <!-- testScript.TestFac -->
